<?xml version="1.0" encoding="UTF-8"?>
<!-- Generated by org.testng.reporters.JUnitReportReporter -->
<testsuite skipped="0" hostname="DESKTOP-M14IF8A" name="com.jesper.ApplicationTests" tests="2" failures="0" timestamp="25 十二月 2019 13:28:10 GMT" time="9.993" errors="0">
  <testcase name="contextLoads" time="4.998" classname="com.jesper.ApplicationTests"/>
  <testcase name="saveFileTest" time="4.995" classname="com.jesper.ApplicationTests"/>
</testsuite> <!-- com.jesper.ApplicationTests -->
