<?xml version="1.0" encoding="UTF-8"?>
<testsuite xmlns:xsi="http://www.w3.org/2001/XMLSchema-instance" xsi:noNamespaceSchemaLocation="https://maven.apache.org/surefire/maven-surefire-plugin/xsd/surefire-test-report.xsd" name="com.jesper.ApplicationTests" time="5.797" tests="2" errors="0" skipped="0" failures="0">
  <properties>
    <property name="sun.desktop" value="windows"/>
    <property name="awt.toolkit" value="sun.awt.windows.WToolkit"/>
    <property name="file.encoding.pkg" value="sun.io"/>
    <property name="java.specification.version" value="1.8"/>
    <property name="sun.cpu.isalist" value="amd64"/>
    <property name="sun.jnu.encoding" value="GBK"/>
    <property name="java.class.path" value="C:\Users\admin\Desktop\小阔爱\软件工程\web实践大作业\springboot-manage-master\target\test-classes;C:\Users\admin\Desktop\小阔爱\软件工程\web实践大作业\springboot-manage-master\target\classes;C:\Users\admin\.m2\repository\org\springframework\boot\spring-boot-starter-web\2.1.5.RELEASE\spring-boot-starter-web-2.1.5.RELEASE.jar;C:\Users\admin\.m2\repository\org\springframework\boot\spring-boot-starter\2.1.5.RELEASE\spring-boot-starter-2.1.5.RELEASE.jar;C:\Users\admin\.m2\repository\org\springframework\boot\spring-boot-starter-logging\2.1.5.RELEASE\spring-boot-starter-logging-2.1.5.RELEASE.jar;C:\Users\admin\.m2\repository\ch\qos\logback\logback-classic\1.2.3\logback-classic-1.2.3.jar;C:\Users\admin\.m2\repository\ch\qos\logback\logback-core\1.2.3\logback-core-1.2.3.jar;C:\Users\admin\.m2\repository\org\apache\logging\log4j\log4j-to-slf4j\2.11.2\log4j-to-slf4j-2.11.2.jar;C:\Users\admin\.m2\repository\org\apache\logging\log4j\log4j-api\2.11.2\log4j-api-2.11.2.jar;C:\Users\admin\.m2\repository\org\slf4j\jul-to-slf4j\1.7.26\jul-to-slf4j-1.7.26.jar;C:\Users\admin\.m2\repository\javax\annotation\javax.annotation-api\1.3.2\javax.annotation-api-1.3.2.jar;C:\Users\admin\.m2\repository\org\yaml\snakeyaml\1.23\snakeyaml-1.23.jar;C:\Users\admin\.m2\repository\org\springframework\boot\spring-boot-starter-json\2.1.5.RELEASE\spring-boot-starter-json-2.1.5.RELEASE.jar;C:\Users\admin\.m2\repository\com\fasterxml\jackson\core\jackson-databind\2.9.8\jackson-databind-2.9.8.jar;C:\Users\admin\.m2\repository\com\fasterxml\jackson\core\jackson-annotations\2.9.0\jackson-annotations-2.9.0.jar;C:\Users\admin\.m2\repository\com\fasterxml\jackson\core\jackson-core\2.9.8\jackson-core-2.9.8.jar;C:\Users\admin\.m2\repository\com\fasterxml\jackson\datatype\jackson-datatype-jdk8\2.9.8\jackson-datatype-jdk8-2.9.8.jar;C:\Users\admin\.m2\repository\com\fasterxml\jackson\datatype\jackson-datatype-jsr310\2.9.8\jackson-datatype-jsr310-2.9.8.jar;C:\Users\admin\.m2\repository\com\fasterxml\jackson\module\jackson-module-parameter-names\2.9.8\jackson-module-parameter-names-2.9.8.jar;C:\Users\admin\.m2\repository\org\springframework\boot\spring-boot-starter-tomcat\2.1.5.RELEASE\spring-boot-starter-tomcat-2.1.5.RELEASE.jar;C:\Users\admin\.m2\repository\org\apache\tomcat\embed\tomcat-embed-core\9.0.19\tomcat-embed-core-9.0.19.jar;C:\Users\admin\.m2\repository\org\apache\tomcat\embed\tomcat-embed-el\9.0.19\tomcat-embed-el-9.0.19.jar;C:\Users\admin\.m2\repository\org\apache\tomcat\embed\tomcat-embed-websocket\9.0.19\tomcat-embed-websocket-9.0.19.jar;C:\Users\admin\.m2\repository\org\hibernate\validator\hibernate-validator\6.0.16.Final\hibernate-validator-6.0.16.Final.jar;C:\Users\admin\.m2\repository\javax\validation\validation-api\2.0.1.Final\validation-api-2.0.1.Final.jar;C:\Users\admin\.m2\repository\org\jboss\logging\jboss-logging\3.3.2.Final\jboss-logging-3.3.2.Final.jar;C:\Users\admin\.m2\repository\com\fasterxml\classmate\1.4.0\classmate-1.4.0.jar;C:\Users\admin\.m2\repository\org\springframework\spring-web\5.1.7.RELEASE\spring-web-5.1.7.RELEASE.jar;C:\Users\admin\.m2\repository\org\springframework\spring-beans\5.1.7.RELEASE\spring-beans-5.1.7.RELEASE.jar;C:\Users\admin\.m2\repository\org\springframework\spring-webmvc\5.1.7.RELEASE\spring-webmvc-5.1.7.RELEASE.jar;C:\Users\admin\.m2\repository\org\springframework\spring-context\5.1.7.RELEASE\spring-context-5.1.7.RELEASE.jar;C:\Users\admin\.m2\repository\org\springframework\spring-expression\5.1.7.RELEASE\spring-expression-5.1.7.RELEASE.jar;C:\Users\admin\.m2\repository\com\alibaba\druid\1.0.11\druid-1.0.11.jar;D:\jdk1.8.0_221\jre\..\lib\jconsole.jar;D:\jdk1.8.0_221\jre\..\lib\tools.jar;C:\Users\admin\.m2\repository\org\springframework\boot\spring-boot-starter-mail\2.1.5.RELEASE\spring-boot-starter-mail-2.1.5.RELEASE.jar;C:\Users\admin\.m2\repository\org\springframework\spring-context-support\5.1.7.RELEASE\spring-context-support-5.1.7.RELEASE.jar;C:\Users\admin\.m2\repository\com\sun\mail\javax.mail\1.6.2\javax.mail-1.6.2.jar;C:\Users\admin\.m2\repository\javax\activation\activation\1.1\activation-1.1.jar;C:\Users\admin\.m2\repository\net\sourceforge\jexcelapi\jxl\2.6.12\jxl-2.6.12.jar;C:\Users\admin\.m2\repository\log4j\log4j\1.2.14\log4j-1.2.14.jar;C:\Users\admin\.m2\repository\org\codehaus\groovy\groovy\2.5.7\groovy-2.5.7.jar;C:\Users\admin\.m2\repository\org\codehaus\groovy\groovy-ant\2.5.7\groovy-ant-2.5.7.jar;C:\Users\admin\.m2\repository\org\apache\ant\ant\1.9.13\ant-1.9.13.jar;C:\Users\admin\.m2\repository\org\apache\ant\ant-junit\1.9.13\ant-junit-1.9.13.jar;C:\Users\admin\.m2\repository\org\apache\ant\ant-launcher\1.9.13\ant-launcher-1.9.13.jar;C:\Users\admin\.m2\repository\org\apache\ant\ant-antlr\1.9.13\ant-antlr-1.9.13.jar;C:\Users\admin\.m2\repository\org\codehaus\groovy\groovy-cli-commons\2.5.7\groovy-cli-commons-2.5.7.jar;C:\Users\admin\.m2\repository\commons-cli\commons-cli\1.4\commons-cli-1.4.jar;C:\Users\admin\.m2\repository\org\codehaus\groovy\groovy-cli-picocli\2.5.7\groovy-cli-picocli-2.5.7.jar;C:\Users\admin\.m2\repository\info\picocli\picocli\3.9.5\picocli-3.9.5.jar;C:\Users\admin\.m2\repository\org\codehaus\groovy\groovy-console\2.5.7\groovy-console-2.5.7.jar;C:\Users\admin\.m2\repository\org\codehaus\groovy\groovy-datetime\2.5.7\groovy-datetime-2.5.7.jar;C:\Users\admin\.m2\repository\org\codehaus\groovy\groovy-docgenerator\2.5.7\groovy-docgenerator-2.5.7.jar;C:\Users\admin\.m2\repository\com\thoughtworks\qdox\qdox\1.12.1\qdox-1.12.1.jar;C:\Users\admin\.m2\repository\org\codehaus\groovy\groovy-groovydoc\2.5.7\groovy-groovydoc-2.5.7.jar;C:\Users\admin\.m2\repository\org\codehaus\groovy\groovy-groovysh\2.5.7\groovy-groovysh-2.5.7.jar;C:\Users\admin\.m2\repository\jline\jline\2.14.6\jline-2.14.6.jar;C:\Users\admin\.m2\repository\org\codehaus\groovy\groovy-jmx\2.5.7\groovy-jmx-2.5.7.jar;C:\Users\admin\.m2\repository\org\codehaus\groovy\groovy-json\2.5.7\groovy-json-2.5.7.jar;C:\Users\admin\.m2\repository\org\codehaus\groovy\groovy-jsr223\2.5.7\groovy-jsr223-2.5.7.jar;C:\Users\admin\.m2\repository\org\codehaus\groovy\groovy-macro\2.5.7\groovy-macro-2.5.7.jar;C:\Users\admin\.m2\repository\org\codehaus\groovy\groovy-nio\2.5.7\groovy-nio-2.5.7.jar;C:\Users\admin\.m2\repository\org\codehaus\groovy\groovy-servlet\2.5.7\groovy-servlet-2.5.7.jar;C:\Users\admin\.m2\repository\org\codehaus\groovy\groovy-sql\2.5.7\groovy-sql-2.5.7.jar;C:\Users\admin\.m2\repository\org\codehaus\groovy\groovy-swing\2.5.7\groovy-swing-2.5.7.jar;C:\Users\admin\.m2\repository\org\codehaus\groovy\groovy-templates\2.5.7\groovy-templates-2.5.7.jar;C:\Users\admin\.m2\repository\org\codehaus\groovy\groovy-test\2.5.7\groovy-test-2.5.7.jar;C:\Users\admin\.m2\repository\org\codehaus\groovy\groovy-test-junit5\2.5.7\groovy-test-junit5-2.5.7.jar;C:\Users\admin\.m2\repository\org\junit\platform\junit-platform-launcher\1.3.2\junit-platform-launcher-1.3.2.jar;C:\Users\admin\.m2\repository\org\apiguardian\apiguardian-api\1.0.0\apiguardian-api-1.0.0.jar;C:\Users\admin\.m2\repository\org\junit\platform\junit-platform-engine\1.3.2\junit-platform-engine-1.3.2.jar;C:\Users\admin\.m2\repository\org\junit\platform\junit-platform-commons\1.3.2\junit-platform-commons-1.3.2.jar;C:\Users\admin\.m2\repository\org\opentest4j\opentest4j\1.1.1\opentest4j-1.1.1.jar;C:\Users\admin\.m2\repository\org\junit\jupiter\junit-jupiter-engine\5.3.2\junit-jupiter-engine-5.3.2.jar;C:\Users\admin\.m2\repository\org\junit\jupiter\junit-jupiter-api\5.3.2\junit-jupiter-api-5.3.2.jar;C:\Users\admin\.m2\repository\org\codehaus\groovy\groovy-testng\2.5.7\groovy-testng-2.5.7.jar;C:\Users\admin\.m2\repository\org\testng\testng\6.13.1\testng-6.13.1.jar;C:\Users\admin\.m2\repository\com\beust\jcommander\1.72\jcommander-1.72.jar;C:\Users\admin\.m2\repository\org\codehaus\groovy\groovy-xml\2.5.7\groovy-xml-2.5.7.jar;C:\Users\admin\.m2\repository\org\springframework\boot\spring-boot-starter-data-mongodb\2.1.5.RELEASE\spring-boot-starter-data-mongodb-2.1.5.RELEASE.jar;C:\Users\admin\.m2\repository\org\mongodb\mongodb-driver\3.8.2\mongodb-driver-3.8.2.jar;C:\Users\admin\.m2\repository\org\mongodb\bson\3.8.2\bson-3.8.2.jar;C:\Users\admin\.m2\repository\org\mongodb\mongodb-driver-core\3.8.2\mongodb-driver-core-3.8.2.jar;C:\Users\admin\.m2\repository\org\springframework\data\spring-data-mongodb\2.1.8.RELEASE\spring-data-mongodb-2.1.8.RELEASE.jar;C:\Users\admin\.m2\repository\org\springframework\spring-tx\5.1.7.RELEASE\spring-tx-5.1.7.RELEASE.jar;C:\Users\admin\.m2\repository\org\springframework\data\spring-data-commons\2.1.8.RELEASE\spring-data-commons-2.1.8.RELEASE.jar;C:\Users\admin\.m2\repository\org\springframework\boot\spring-boot-starter-test\2.1.5.RELEASE\spring-boot-starter-test-2.1.5.RELEASE.jar;C:\Users\admin\.m2\repository\org\springframework\boot\spring-boot-test\2.1.5.RELEASE\spring-boot-test-2.1.5.RELEASE.jar;C:\Users\admin\.m2\repository\org\springframework\boot\spring-boot-test-autoconfigure\2.1.5.RELEASE\spring-boot-test-autoconfigure-2.1.5.RELEASE.jar;C:\Users\admin\.m2\repository\com\jayway\jsonpath\json-path\2.4.0\json-path-2.4.0.jar;C:\Users\admin\.m2\repository\net\minidev\json-smart\2.3\json-smart-2.3.jar;C:\Users\admin\.m2\repository\net\minidev\accessors-smart\1.2\accessors-smart-1.2.jar;C:\Users\admin\.m2\repository\org\ow2\asm\asm\5.0.4\asm-5.0.4.jar;C:\Users\admin\.m2\repository\junit\junit\4.12\junit-4.12.jar;C:\Users\admin\.m2\repository\org\assertj\assertj-core\3.11.1\assertj-core-3.11.1.jar;C:\Users\admin\.m2\repository\org\mockito\mockito-core\2.23.4\mockito-core-2.23.4.jar;C:\Users\admin\.m2\repository\net\bytebuddy\byte-buddy\1.9.12\byte-buddy-1.9.12.jar;C:\Users\admin\.m2\repository\net\bytebuddy\byte-buddy-agent\1.9.12\byte-buddy-agent-1.9.12.jar;C:\Users\admin\.m2\repository\org\objenesis\objenesis\2.6\objenesis-2.6.jar;C:\Users\admin\.m2\repository\org\hamcrest\hamcrest-core\1.3\hamcrest-core-1.3.jar;C:\Users\admin\.m2\repository\org\hamcrest\hamcrest-library\1.3\hamcrest-library-1.3.jar;C:\Users\admin\.m2\repository\org\skyscreamer\jsonassert\1.5.0\jsonassert-1.5.0.jar;C:\Users\admin\.m2\repository\com\vaadin\external\google\android-json\0.0.20131108.vaadin1\android-json-0.0.20131108.vaadin1.jar;C:\Users\admin\.m2\repository\org\springframework\spring-core\5.1.7.RELEASE\spring-core-5.1.7.RELEASE.jar;C:\Users\admin\.m2\repository\org\springframework\spring-jcl\5.1.7.RELEASE\spring-jcl-5.1.7.RELEASE.jar;C:\Users\admin\.m2\repository\org\springframework\spring-test\5.1.7.RELEASE\spring-test-5.1.7.RELEASE.jar;C:\Users\admin\.m2\repository\org\xmlunit\xmlunit-core\2.6.2\xmlunit-core-2.6.2.jar;C:\Users\admin\.m2\repository\org\springframework\boot\spring-boot-devtools\2.1.5.RELEASE\spring-boot-devtools-2.1.5.RELEASE.jar;C:\Users\admin\.m2\repository\org\springframework\boot\spring-boot\2.1.5.RELEASE\spring-boot-2.1.5.RELEASE.jar;C:\Users\admin\.m2\repository\org\springframework\boot\spring-boot-autoconfigure\2.1.5.RELEASE\spring-boot-autoconfigure-2.1.5.RELEASE.jar;C:\Users\admin\.m2\repository\org\mybatis\spring\boot\mybatis-spring-boot-starter\1.2.0\mybatis-spring-boot-starter-1.2.0.jar;C:\Users\admin\.m2\repository\org\springframework\boot\spring-boot-starter-jdbc\2.1.5.RELEASE\spring-boot-starter-jdbc-2.1.5.RELEASE.jar;C:\Users\admin\.m2\repository\com\zaxxer\HikariCP\3.2.0\HikariCP-3.2.0.jar;C:\Users\admin\.m2\repository\org\springframework\spring-jdbc\5.1.7.RELEASE\spring-jdbc-5.1.7.RELEASE.jar;C:\Users\admin\.m2\repository\org\mybatis\spring\boot\mybatis-spring-boot-autoconfigure\1.2.0\mybatis-spring-boot-autoconfigure-1.2.0.jar;C:\Users\admin\.m2\repository\org\mybatis\mybatis\3.4.2\mybatis-3.4.2.jar;C:\Users\admin\.m2\repository\org\mybatis\mybatis-spring\1.3.1\mybatis-spring-1.3.1.jar;C:\Users\admin\.m2\repository\mysql\mysql-connector-java\8.0.16\mysql-connector-java-8.0.16.jar;C:\Users\admin\.m2\repository\redis\clients\jedis\2.9.3\jedis-2.9.3.jar;C:\Users\admin\.m2\repository\org\slf4j\slf4j-api\1.7.26\slf4j-api-1.7.26.jar;C:\Users\admin\.m2\repository\org\apache\commons\commons-pool2\2.6.2\commons-pool2-2.6.2.jar;C:\Users\admin\.m2\repository\org\springframework\boot\spring-boot-starter-thymeleaf\2.1.5.RELEASE\spring-boot-starter-thymeleaf-2.1.5.RELEASE.jar;C:\Users\admin\.m2\repository\org\thymeleaf\thymeleaf-spring5\3.0.11.RELEASE\thymeleaf-spring5-3.0.11.RELEASE.jar;C:\Users\admin\.m2\repository\org\thymeleaf\thymeleaf\3.0.11.RELEASE\thymeleaf-3.0.11.RELEASE.jar;C:\Users\admin\.m2\repository\org\attoparser\attoparser\2.0.5.RELEASE\attoparser-2.0.5.RELEASE.jar;C:\Users\admin\.m2\repository\org\unbescape\unbescape\1.1.6.RELEASE\unbescape-1.1.6.RELEASE.jar;C:\Users\admin\.m2\repository\org\thymeleaf\extras\thymeleaf-extras-java8time\3.0.4.RELEASE\thymeleaf-extras-java8time-3.0.4.RELEASE.jar;C:\Users\admin\.m2\repository\commons-io\commons-io\2.4\commons-io-2.4.jar;C:\Users\admin\.m2\repository\com\alibaba\fastjson\1.2.25\fastjson-1.2.25.jar;C:\Users\admin\.m2\repository\org\projectlombok\lombok\1.16.14\lombok-1.16.14.jar;C:\Users\admin\.m2\repository\org\springframework\boot\spring-boot-starter-aop\2.1.5.RELEASE\spring-boot-starter-aop-2.1.5.RELEASE.jar;C:\Users\admin\.m2\repository\org\springframework\spring-aop\5.1.7.RELEASE\spring-aop-5.1.7.RELEASE.jar;C:\Users\admin\.m2\repository\org\aspectj\aspectjweaver\1.9.4\aspectjweaver-1.9.4.jar;C:\Users\admin\.m2\repository\com\github\axet\kaptcha\0.0.9\kaptcha-0.0.9.jar;C:\Users\admin\.m2\repository\com\jhlabs\filters\2.0.235\filters-2.0.235.jar;"/>
    <property name="java.vm.vendor" value="Oracle Corporation"/>
    <property name="sun.arch.data.model" value="64"/>
    <property name="user.variant" value=""/>
    <property name="java.vendor.url" value="http://java.oracle.com/"/>
    <property name="user.timezone" value="GMT+08:00"/>
    <property name="java.vm.specification.version" value="1.8"/>
    <property name="os.name" value="Windows 10"/>
    <property name="user.country" value="CN"/>
    <property name="sun.java.launcher" value="SUN_STANDARD"/>
    <property name="sun.boot.library.path" value="D:\jdk1.8.0_221\jre\bin"/>
    <property name="sun.java.command" value="C:\Users\admin\AppData\Local\Temp\surefire8341195057145097083\surefirebooter7718429042722682707.jar C:\Users\admin\AppData\Local\Temp\surefire8341195057145097083 2019-12-25T21-28-04_093-jvmRun1 surefire4258778326678627875tmp surefire_08277361767972104338tmp"/>
    <property name="surefire.test.class.path" value="C:\Users\admin\Desktop\小阔爱\软件工程\web实践大作业\springboot-manage-master\target\test-classes;C:\Users\admin\Desktop\小阔爱\软件工程\web实践大作业\springboot-manage-master\target\classes;C:\Users\admin\.m2\repository\org\springframework\boot\spring-boot-starter-web\2.1.5.RELEASE\spring-boot-starter-web-2.1.5.RELEASE.jar;C:\Users\admin\.m2\repository\org\springframework\boot\spring-boot-starter\2.1.5.RELEASE\spring-boot-starter-2.1.5.RELEASE.jar;C:\Users\admin\.m2\repository\org\springframework\boot\spring-boot-starter-logging\2.1.5.RELEASE\spring-boot-starter-logging-2.1.5.RELEASE.jar;C:\Users\admin\.m2\repository\ch\qos\logback\logback-classic\1.2.3\logback-classic-1.2.3.jar;C:\Users\admin\.m2\repository\ch\qos\logback\logback-core\1.2.3\logback-core-1.2.3.jar;C:\Users\admin\.m2\repository\org\apache\logging\log4j\log4j-to-slf4j\2.11.2\log4j-to-slf4j-2.11.2.jar;C:\Users\admin\.m2\repository\org\apache\logging\log4j\log4j-api\2.11.2\log4j-api-2.11.2.jar;C:\Users\admin\.m2\repository\org\slf4j\jul-to-slf4j\1.7.26\jul-to-slf4j-1.7.26.jar;C:\Users\admin\.m2\repository\javax\annotation\javax.annotation-api\1.3.2\javax.annotation-api-1.3.2.jar;C:\Users\admin\.m2\repository\org\yaml\snakeyaml\1.23\snakeyaml-1.23.jar;C:\Users\admin\.m2\repository\org\springframework\boot\spring-boot-starter-json\2.1.5.RELEASE\spring-boot-starter-json-2.1.5.RELEASE.jar;C:\Users\admin\.m2\repository\com\fasterxml\jackson\core\jackson-databind\2.9.8\jackson-databind-2.9.8.jar;C:\Users\admin\.m2\repository\com\fasterxml\jackson\core\jackson-annotations\2.9.0\jackson-annotations-2.9.0.jar;C:\Users\admin\.m2\repository\com\fasterxml\jackson\core\jackson-core\2.9.8\jackson-core-2.9.8.jar;C:\Users\admin\.m2\repository\com\fasterxml\jackson\datatype\jackson-datatype-jdk8\2.9.8\jackson-datatype-jdk8-2.9.8.jar;C:\Users\admin\.m2\repository\com\fasterxml\jackson\datatype\jackson-datatype-jsr310\2.9.8\jackson-datatype-jsr310-2.9.8.jar;C:\Users\admin\.m2\repository\com\fasterxml\jackson\module\jackson-module-parameter-names\2.9.8\jackson-module-parameter-names-2.9.8.jar;C:\Users\admin\.m2\repository\org\springframework\boot\spring-boot-starter-tomcat\2.1.5.RELEASE\spring-boot-starter-tomcat-2.1.5.RELEASE.jar;C:\Users\admin\.m2\repository\org\apache\tomcat\embed\tomcat-embed-core\9.0.19\tomcat-embed-core-9.0.19.jar;C:\Users\admin\.m2\repository\org\apache\tomcat\embed\tomcat-embed-el\9.0.19\tomcat-embed-el-9.0.19.jar;C:\Users\admin\.m2\repository\org\apache\tomcat\embed\tomcat-embed-websocket\9.0.19\tomcat-embed-websocket-9.0.19.jar;C:\Users\admin\.m2\repository\org\hibernate\validator\hibernate-validator\6.0.16.Final\hibernate-validator-6.0.16.Final.jar;C:\Users\admin\.m2\repository\javax\validation\validation-api\2.0.1.Final\validation-api-2.0.1.Final.jar;C:\Users\admin\.m2\repository\org\jboss\logging\jboss-logging\3.3.2.Final\jboss-logging-3.3.2.Final.jar;C:\Users\admin\.m2\repository\com\fasterxml\classmate\1.4.0\classmate-1.4.0.jar;C:\Users\admin\.m2\repository\org\springframework\spring-web\5.1.7.RELEASE\spring-web-5.1.7.RELEASE.jar;C:\Users\admin\.m2\repository\org\springframework\spring-beans\5.1.7.RELEASE\spring-beans-5.1.7.RELEASE.jar;C:\Users\admin\.m2\repository\org\springframework\spring-webmvc\5.1.7.RELEASE\spring-webmvc-5.1.7.RELEASE.jar;C:\Users\admin\.m2\repository\org\springframework\spring-context\5.1.7.RELEASE\spring-context-5.1.7.RELEASE.jar;C:\Users\admin\.m2\repository\org\springframework\spring-expression\5.1.7.RELEASE\spring-expression-5.1.7.RELEASE.jar;C:\Users\admin\.m2\repository\com\alibaba\druid\1.0.11\druid-1.0.11.jar;D:\jdk1.8.0_221\jre\..\lib\jconsole.jar;D:\jdk1.8.0_221\jre\..\lib\tools.jar;C:\Users\admin\.m2\repository\org\springframework\boot\spring-boot-starter-mail\2.1.5.RELEASE\spring-boot-starter-mail-2.1.5.RELEASE.jar;C:\Users\admin\.m2\repository\org\springframework\spring-context-support\5.1.7.RELEASE\spring-context-support-5.1.7.RELEASE.jar;C:\Users\admin\.m2\repository\com\sun\mail\javax.mail\1.6.2\javax.mail-1.6.2.jar;C:\Users\admin\.m2\repository\javax\activation\activation\1.1\activation-1.1.jar;C:\Users\admin\.m2\repository\net\sourceforge\jexcelapi\jxl\2.6.12\jxl-2.6.12.jar;C:\Users\admin\.m2\repository\log4j\log4j\1.2.14\log4j-1.2.14.jar;C:\Users\admin\.m2\repository\org\codehaus\groovy\groovy\2.5.7\groovy-2.5.7.jar;C:\Users\admin\.m2\repository\org\codehaus\groovy\groovy-ant\2.5.7\groovy-ant-2.5.7.jar;C:\Users\admin\.m2\repository\org\apache\ant\ant\1.9.13\ant-1.9.13.jar;C:\Users\admin\.m2\repository\org\apache\ant\ant-junit\1.9.13\ant-junit-1.9.13.jar;C:\Users\admin\.m2\repository\org\apache\ant\ant-launcher\1.9.13\ant-launcher-1.9.13.jar;C:\Users\admin\.m2\repository\org\apache\ant\ant-antlr\1.9.13\ant-antlr-1.9.13.jar;C:\Users\admin\.m2\repository\org\codehaus\groovy\groovy-cli-commons\2.5.7\groovy-cli-commons-2.5.7.jar;C:\Users\admin\.m2\repository\commons-cli\commons-cli\1.4\commons-cli-1.4.jar;C:\Users\admin\.m2\repository\org\codehaus\groovy\groovy-cli-picocli\2.5.7\groovy-cli-picocli-2.5.7.jar;C:\Users\admin\.m2\repository\info\picocli\picocli\3.9.5\picocli-3.9.5.jar;C:\Users\admin\.m2\repository\org\codehaus\groovy\groovy-console\2.5.7\groovy-console-2.5.7.jar;C:\Users\admin\.m2\repository\org\codehaus\groovy\groovy-datetime\2.5.7\groovy-datetime-2.5.7.jar;C:\Users\admin\.m2\repository\org\codehaus\groovy\groovy-docgenerator\2.5.7\groovy-docgenerator-2.5.7.jar;C:\Users\admin\.m2\repository\com\thoughtworks\qdox\qdox\1.12.1\qdox-1.12.1.jar;C:\Users\admin\.m2\repository\org\codehaus\groovy\groovy-groovydoc\2.5.7\groovy-groovydoc-2.5.7.jar;C:\Users\admin\.m2\repository\org\codehaus\groovy\groovy-groovysh\2.5.7\groovy-groovysh-2.5.7.jar;C:\Users\admin\.m2\repository\jline\jline\2.14.6\jline-2.14.6.jar;C:\Users\admin\.m2\repository\org\codehaus\groovy\groovy-jmx\2.5.7\groovy-jmx-2.5.7.jar;C:\Users\admin\.m2\repository\org\codehaus\groovy\groovy-json\2.5.7\groovy-json-2.5.7.jar;C:\Users\admin\.m2\repository\org\codehaus\groovy\groovy-jsr223\2.5.7\groovy-jsr223-2.5.7.jar;C:\Users\admin\.m2\repository\org\codehaus\groovy\groovy-macro\2.5.7\groovy-macro-2.5.7.jar;C:\Users\admin\.m2\repository\org\codehaus\groovy\groovy-nio\2.5.7\groovy-nio-2.5.7.jar;C:\Users\admin\.m2\repository\org\codehaus\groovy\groovy-servlet\2.5.7\groovy-servlet-2.5.7.jar;C:\Users\admin\.m2\repository\org\codehaus\groovy\groovy-sql\2.5.7\groovy-sql-2.5.7.jar;C:\Users\admin\.m2\repository\org\codehaus\groovy\groovy-swing\2.5.7\groovy-swing-2.5.7.jar;C:\Users\admin\.m2\repository\org\codehaus\groovy\groovy-templates\2.5.7\groovy-templates-2.5.7.jar;C:\Users\admin\.m2\repository\org\codehaus\groovy\groovy-test\2.5.7\groovy-test-2.5.7.jar;C:\Users\admin\.m2\repository\org\codehaus\groovy\groovy-test-junit5\2.5.7\groovy-test-junit5-2.5.7.jar;C:\Users\admin\.m2\repository\org\junit\platform\junit-platform-launcher\1.3.2\junit-platform-launcher-1.3.2.jar;C:\Users\admin\.m2\repository\org\apiguardian\apiguardian-api\1.0.0\apiguardian-api-1.0.0.jar;C:\Users\admin\.m2\repository\org\junit\platform\junit-platform-engine\1.3.2\junit-platform-engine-1.3.2.jar;C:\Users\admin\.m2\repository\org\junit\platform\junit-platform-commons\1.3.2\junit-platform-commons-1.3.2.jar;C:\Users\admin\.m2\repository\org\opentest4j\opentest4j\1.1.1\opentest4j-1.1.1.jar;C:\Users\admin\.m2\repository\org\junit\jupiter\junit-jupiter-engine\5.3.2\junit-jupiter-engine-5.3.2.jar;C:\Users\admin\.m2\repository\org\junit\jupiter\junit-jupiter-api\5.3.2\junit-jupiter-api-5.3.2.jar;C:\Users\admin\.m2\repository\org\codehaus\groovy\groovy-testng\2.5.7\groovy-testng-2.5.7.jar;C:\Users\admin\.m2\repository\org\testng\testng\6.13.1\testng-6.13.1.jar;C:\Users\admin\.m2\repository\com\beust\jcommander\1.72\jcommander-1.72.jar;C:\Users\admin\.m2\repository\org\codehaus\groovy\groovy-xml\2.5.7\groovy-xml-2.5.7.jar;C:\Users\admin\.m2\repository\org\springframework\boot\spring-boot-starter-data-mongodb\2.1.5.RELEASE\spring-boot-starter-data-mongodb-2.1.5.RELEASE.jar;C:\Users\admin\.m2\repository\org\mongodb\mongodb-driver\3.8.2\mongodb-driver-3.8.2.jar;C:\Users\admin\.m2\repository\org\mongodb\bson\3.8.2\bson-3.8.2.jar;C:\Users\admin\.m2\repository\org\mongodb\mongodb-driver-core\3.8.2\mongodb-driver-core-3.8.2.jar;C:\Users\admin\.m2\repository\org\springframework\data\spring-data-mongodb\2.1.8.RELEASE\spring-data-mongodb-2.1.8.RELEASE.jar;C:\Users\admin\.m2\repository\org\springframework\spring-tx\5.1.7.RELEASE\spring-tx-5.1.7.RELEASE.jar;C:\Users\admin\.m2\repository\org\springframework\data\spring-data-commons\2.1.8.RELEASE\spring-data-commons-2.1.8.RELEASE.jar;C:\Users\admin\.m2\repository\org\springframework\boot\spring-boot-starter-test\2.1.5.RELEASE\spring-boot-starter-test-2.1.5.RELEASE.jar;C:\Users\admin\.m2\repository\org\springframework\boot\spring-boot-test\2.1.5.RELEASE\spring-boot-test-2.1.5.RELEASE.jar;C:\Users\admin\.m2\repository\org\springframework\boot\spring-boot-test-autoconfigure\2.1.5.RELEASE\spring-boot-test-autoconfigure-2.1.5.RELEASE.jar;C:\Users\admin\.m2\repository\com\jayway\jsonpath\json-path\2.4.0\json-path-2.4.0.jar;C:\Users\admin\.m2\repository\net\minidev\json-smart\2.3\json-smart-2.3.jar;C:\Users\admin\.m2\repository\net\minidev\accessors-smart\1.2\accessors-smart-1.2.jar;C:\Users\admin\.m2\repository\org\ow2\asm\asm\5.0.4\asm-5.0.4.jar;C:\Users\admin\.m2\repository\junit\junit\4.12\junit-4.12.jar;C:\Users\admin\.m2\repository\org\assertj\assertj-core\3.11.1\assertj-core-3.11.1.jar;C:\Users\admin\.m2\repository\org\mockito\mockito-core\2.23.4\mockito-core-2.23.4.jar;C:\Users\admin\.m2\repository\net\bytebuddy\byte-buddy\1.9.12\byte-buddy-1.9.12.jar;C:\Users\admin\.m2\repository\net\bytebuddy\byte-buddy-agent\1.9.12\byte-buddy-agent-1.9.12.jar;C:\Users\admin\.m2\repository\org\objenesis\objenesis\2.6\objenesis-2.6.jar;C:\Users\admin\.m2\repository\org\hamcrest\hamcrest-core\1.3\hamcrest-core-1.3.jar;C:\Users\admin\.m2\repository\org\hamcrest\hamcrest-library\1.3\hamcrest-library-1.3.jar;C:\Users\admin\.m2\repository\org\skyscreamer\jsonassert\1.5.0\jsonassert-1.5.0.jar;C:\Users\admin\.m2\repository\com\vaadin\external\google\android-json\0.0.20131108.vaadin1\android-json-0.0.20131108.vaadin1.jar;C:\Users\admin\.m2\repository\org\springframework\spring-core\5.1.7.RELEASE\spring-core-5.1.7.RELEASE.jar;C:\Users\admin\.m2\repository\org\springframework\spring-jcl\5.1.7.RELEASE\spring-jcl-5.1.7.RELEASE.jar;C:\Users\admin\.m2\repository\org\springframework\spring-test\5.1.7.RELEASE\spring-test-5.1.7.RELEASE.jar;C:\Users\admin\.m2\repository\org\xmlunit\xmlunit-core\2.6.2\xmlunit-core-2.6.2.jar;C:\Users\admin\.m2\repository\org\springframework\boot\spring-boot-devtools\2.1.5.RELEASE\spring-boot-devtools-2.1.5.RELEASE.jar;C:\Users\admin\.m2\repository\org\springframework\boot\spring-boot\2.1.5.RELEASE\spring-boot-2.1.5.RELEASE.jar;C:\Users\admin\.m2\repository\org\springframework\boot\spring-boot-autoconfigure\2.1.5.RELEASE\spring-boot-autoconfigure-2.1.5.RELEASE.jar;C:\Users\admin\.m2\repository\org\mybatis\spring\boot\mybatis-spring-boot-starter\1.2.0\mybatis-spring-boot-starter-1.2.0.jar;C:\Users\admin\.m2\repository\org\springframework\boot\spring-boot-starter-jdbc\2.1.5.RELEASE\spring-boot-starter-jdbc-2.1.5.RELEASE.jar;C:\Users\admin\.m2\repository\com\zaxxer\HikariCP\3.2.0\HikariCP-3.2.0.jar;C:\Users\admin\.m2\repository\org\springframework\spring-jdbc\5.1.7.RELEASE\spring-jdbc-5.1.7.RELEASE.jar;C:\Users\admin\.m2\repository\org\mybatis\spring\boot\mybatis-spring-boot-autoconfigure\1.2.0\mybatis-spring-boot-autoconfigure-1.2.0.jar;C:\Users\admin\.m2\repository\org\mybatis\mybatis\3.4.2\mybatis-3.4.2.jar;C:\Users\admin\.m2\repository\org\mybatis\mybatis-spring\1.3.1\mybatis-spring-1.3.1.jar;C:\Users\admin\.m2\repository\mysql\mysql-connector-java\8.0.16\mysql-connector-java-8.0.16.jar;C:\Users\admin\.m2\repository\redis\clients\jedis\2.9.3\jedis-2.9.3.jar;C:\Users\admin\.m2\repository\org\slf4j\slf4j-api\1.7.26\slf4j-api-1.7.26.jar;C:\Users\admin\.m2\repository\org\apache\commons\commons-pool2\2.6.2\commons-pool2-2.6.2.jar;C:\Users\admin\.m2\repository\org\springframework\boot\spring-boot-starter-thymeleaf\2.1.5.RELEASE\spring-boot-starter-thymeleaf-2.1.5.RELEASE.jar;C:\Users\admin\.m2\repository\org\thymeleaf\thymeleaf-spring5\3.0.11.RELEASE\thymeleaf-spring5-3.0.11.RELEASE.jar;C:\Users\admin\.m2\repository\org\thymeleaf\thymeleaf\3.0.11.RELEASE\thymeleaf-3.0.11.RELEASE.jar;C:\Users\admin\.m2\repository\org\attoparser\attoparser\2.0.5.RELEASE\attoparser-2.0.5.RELEASE.jar;C:\Users\admin\.m2\repository\org\unbescape\unbescape\1.1.6.RELEASE\unbescape-1.1.6.RELEASE.jar;C:\Users\admin\.m2\repository\org\thymeleaf\extras\thymeleaf-extras-java8time\3.0.4.RELEASE\thymeleaf-extras-java8time-3.0.4.RELEASE.jar;C:\Users\admin\.m2\repository\commons-io\commons-io\2.4\commons-io-2.4.jar;C:\Users\admin\.m2\repository\com\alibaba\fastjson\1.2.25\fastjson-1.2.25.jar;C:\Users\admin\.m2\repository\org\projectlombok\lombok\1.16.14\lombok-1.16.14.jar;C:\Users\admin\.m2\repository\org\springframework\boot\spring-boot-starter-aop\2.1.5.RELEASE\spring-boot-starter-aop-2.1.5.RELEASE.jar;C:\Users\admin\.m2\repository\org\springframework\spring-aop\5.1.7.RELEASE\spring-aop-5.1.7.RELEASE.jar;C:\Users\admin\.m2\repository\org\aspectj\aspectjweaver\1.9.4\aspectjweaver-1.9.4.jar;C:\Users\admin\.m2\repository\com\github\axet\kaptcha\0.0.9\kaptcha-0.0.9.jar;C:\Users\admin\.m2\repository\com\jhlabs\filters\2.0.235\filters-2.0.235.jar;"/>
    <property name="sun.cpu.endian" value="little"/>
    <property name="user.home" value="C:\Users\admin"/>
    <property name="user.language" value="zh"/>
    <property name="java.specification.vendor" value="Oracle Corporation"/>
    <property name="java.home" value="D:\jdk1.8.0_221\jre"/>
    <property name="basedir" value="C:\Users\admin\Desktop\小阔爱\软件工程\web实践大作业\springboot-manage-master"/>
    <property name="file.separator" value="\"/>
    <property name="line.separator" value="&#10;"/>
    <property name="idea.version2019.2.3" value="true"/>
    <property name="java.vm.specification.vendor" value="Oracle Corporation"/>
    <property name="java.specification.name" value="Java Platform API Specification"/>
    <property name="java.awt.graphicsenv" value="sun.awt.Win32GraphicsEnvironment"/>
    <property name="surefire.real.class.path" value="C:\Users\admin\AppData\Local\Temp\surefire8341195057145097083\surefirebooter7718429042722682707.jar"/>
    <property name="sun.boot.class.path" value="D:\jdk1.8.0_221\jre\lib\resources.jar;D:\jdk1.8.0_221\jre\lib\rt.jar;D:\jdk1.8.0_221\jre\lib\sunrsasign.jar;D:\jdk1.8.0_221\jre\lib\jsse.jar;D:\jdk1.8.0_221\jre\lib\jce.jar;D:\jdk1.8.0_221\jre\lib\charsets.jar;D:\jdk1.8.0_221\jre\lib\jfr.jar;D:\jdk1.8.0_221\jre\classes"/>
    <property name="user.script" value=""/>
    <property name="sun.management.compiler" value="HotSpot 64-Bit Tiered Compilers"/>
    <property name="java.runtime.version" value="1.8.0_221-b11"/>
    <property name="user.name" value="admin"/>
    <property name="path.separator" value=";"/>
    <property name="os.version" value="10.0"/>
    <property name="java.endorsed.dirs" value="D:\jdk1.8.0_221\jre\lib\endorsed"/>
    <property name="java.runtime.name" value="Java(TM) SE Runtime Environment"/>
    <property name="file.encoding" value="GBK"/>
    <property name="java.vm.name" value="Java HotSpot(TM) 64-Bit Server VM"/>
    <property name="localRepository" value="C:\Users\admin\.m2\repository"/>
    <property name="java.vendor.url.bug" value="http://bugreport.sun.com/bugreport/"/>
    <property name="java.io.tmpdir" value="C:\Users\admin\AppData\Local\Temp\"/>
    <property name="java.version" value="1.8.0_221"/>
    <property name="user.dir" value="C:\Users\admin\Desktop\小阔爱\软件工程\web实践大作业\springboot-manage-master"/>
    <property name="os.arch" value="amd64"/>
    <property name="java.vm.specification.name" value="Java Virtual Machine Specification"/>
    <property name="java.awt.printerjob" value="sun.awt.windows.WPrinterJob"/>
    <property name="sun.os.patch.level" value=""/>
    <property name="java.library.path" value="D:\jdk1.8.0_221\jre\bin;C:\WINDOWS\Sun\Java\bin;C:\WINDOWS\system32;C:\WINDOWS;C:\Program Files (x86)\NetSarang\Xshell 6\;C:\Program Files (x86)\Common Files\Oracle\Java\javapath;C:\Program Files\NVIDIA GPU Computing Toolkit\CUDA\v10.0\bin;C:\Program Files\NVIDIA GPU Computing Toolkit\CUDA\v10.0\libnvvp;C:\Program Files (x86)\Intel\Intel(R) Management Engine Components\iCLS\;C:\Program Files\Intel\Intel(R) Management Engine Components\iCLS\;C:\windows\system32;C:\windows;C:\windows\System32\Wbem;C:\windows\System32\WindowsPowerShell\v1.0\;C:\windows\System32\OpenSSH\;C:\Program Files (x86)\Intel\Intel(R) Management Engine Components\DAL;C:\Program Files\Intel\Intel(R) Management Engine Components\DAL;C:\Program Files (x86)\Intel\Intel(R) Management Engine Components\IPT;C:\Program Files\Intel\Intel(R) Management Engine Components\IPT;C:\Program Files (x86)\NVIDIA Corporation\PhysX\Common;C:\WINDOWS\system32;C:\WINDOWS;C:\WINDOWS\System32\Wbem;C:\WINDOWS\System32\WindowsPowerShell\v1.0\;C:\WINDOWS\System32\OpenSSH\;C:\Program Files\Git\cmd;D:\apache-maven-3.6.0\bin;D:\jdk1.8.0_221\bin\;D:\jdk1.8.0_221\jre\bin\;C:\Program Files\nodejs\;D:\scala\bin;D:\hadoop-2.7.6\bin\;D:\spark-2.4.3\bin;D:\Anaconda3\Scripts;C:\Program Files\MySQL\MySQL Shell 8.0\bin\;."/>
    <property name="java.vm.info" value="mixed mode"/>
    <property name="java.vendor" value="Oracle Corporation"/>
    <property name="java.vm.version" value="25.221-b11"/>
    <property name="java.ext.dirs" value="D:\jdk1.8.0_221\jre\lib\ext;C:\WINDOWS\Sun\Java\lib\ext"/>
    <property name="sun.io.unicode.encoding" value="UnicodeLittle"/>
    <property name="java.class.version" value="52.0"/>
  </properties>
  <testcase name="saveFileTest on saveFileTest(com.jesper.ApplicationTests)" classname="com.jesper.ApplicationTests" time="0.141"/>
  <testcase name="contextLoads on contextLoads(com.jesper.ApplicationTests)" classname="com.jesper.ApplicationTests" time="0.001"/>
</testsuite>